<?xml version="1.0" encoding="UTF-8"?>
<!-- Generated by org.testng.reporters.JUnitXMLReporter -->
<testsuite hostname="Suneela-MBP.local" ignored="0" name="Default test" tests="7" failures="0" timestamp="2021-06-11T13:10:58 IST" time="6.699" errors="0">
  <testcase name="shouldBeAbletoCreatePlayList" time="3.765" classname="com.spotify.tests.PlaylistTests7"/>
  <testcase name="shouldBeAbletoGetPlayList" time="0.475" classname="com.spotify.tests.PlaylistTests7"/>
  <testcase name="shouldBeAbletoUpdatePlayList" time="0.552" classname="com.spotify.tests.PlaylistTests7"/>
  <testcase name="shouldBeAbletoGetPlayListAfterUpdate" time="0.45" classname="com.spotify.tests.PlaylistTests7"/>
  <testcase name="shouldNotBeAbleToCreatePlayListWithoutName" time="0.458" classname="com.spotify.tests.PlaylistTests7"/>
  <testcase name="wrongTokenTest" time="0.56" classname="com.spotify.tests.PlaylistTests7"/>
  <testcase name="accessTokenExpiredTest" time="0.347" classname="com.spotify.tests.PlaylistTests7"/>
</testsuite> <!-- Default test -->
